
[Wed Sep 05 16:40:14.650 2018] @RSSI:FFA1@NODE:0002@lat:35.665251@lon:139.755311@bat:4.10
[Wed Sep 05 16:40:29.371 2018] @RSSI:FFA8@NODE:0001lat=35.665363&lon=139.755125&bat=4.18
[Wed Sep 05 16:40:32.363 2018] @RSSI:FFAE@NODE:0002@lat:35.665285@lon:139.755283@bat:4.10
[Wed Sep 05 16:41:00.372 2018] @RSSI:FFA2@NODE:0001lat=35.665518&lon=139.755106&bat=4.18
[Wed Sep 05 16:41:03.363 2018] @RSSI:FFAD@NODE:0002@lat:35.665471@lon:139.755293@bat:4.10
[Wed Sep 05 16:41:31.372 2018] @RSSI:FF96@NODE:0001lat=35.665883&lon=139.755195&bat=4.18
[Wed Sep 05 16:41:34.363 2018] @RSSI:FF9E@NODE:0002@lat:35.665815@lon:139.755295@bat:4.10
[Wed Sep 05 16:42:02.389 2018] @RSSI:FF91@NODE:0001lat=35.666165&lon=139.755316&bat=4.18
[Wed Sep 05 16:42:05.380 2018] @RSSI:FF9A@NODE:0002@lat:35.666101@lon:139.755446@bat:4.10
[Wed Sep 05 16:42:33.373 2018] @RSSI:FF86@NODE:0001lat=35.666418&lon=139.755485&bat=4.18
[Wed Sep 05 16:42:36.380 2018] @RSSI:FF90@NODE:0002@lat:35.666398@lon:139.755618@bat:4.10
[Wed Sep 05 16:43:04.453 2018] @RSSI:FF8C@NODE:0001lat=35.666731&lon=139.755670&bat=4.18

[Wed Sep 05 17:37:57.520 2018] @RSSI:FF96@NODE:0001lat=35.665973&lon=139.755443&bat=4.18
[Wed Sep 05 17:38:12.556 2018] @RSSI:FF95@NODE:0002@lat:35.666206@lon:139.755388@bat:4.08
[Wed Sep 05 17:38:31.525 2018] @RSSI:FF90@NODE:0001lat=35.666325&lon=139.755558&bat=4.18
[Wed Sep 05 17:38:46.510 2018] @RSSI:FF8E@NODE:0002@lat:35.667105@lon:139.755245@bat:4.08
[Wed Sep 05 17:39:05.531 2018] @RSSI:FF8E@NODE:0001lat=35.666505&lon=139.755735&bat=4.18
[Wed Sep 05 17:39:20.548 2018] @RSSI:FF8E@NODE:0002@lat:35.666701@lon:139.755795@bat:4.08
[Wed Sep 05 17:39:39.533 2018] @RSSI:FF88@NODE:0001lat=35.666895&lon=139.755953&bat=4.18
[Wed Sep 05 17:39:54.537 2018] @RSSI:FF82@NODE:0002@lat:35.667145@lon:139.755933@bat:4.08
[Wed Sep 05 17:40:13.536 2018] @RSSI:FF85@NODE:0001lat=35.666823&lon=139.756303&bat=4.18
[Wed Sep 05 17:40:28.541 2018] @RSSI:FF83@NODE:0002@lat:35.667883@lon:139.755943@bat:4.08
[Wed Sep 05 17:40:47.460 2018] @RSSI:FF81@NODE:0001lat=35.667338&lon=139.756418&bat=4.18
[Wed Sep 05 17:41:02.545 2018] @RSSI:FF7E@NODE:0002@lat:35.668380@lon:139.755988@bat:4.08
[Wed Sep 05 17:41:36.484 2018] @RSSI:FF7E@NODE:0001lat=35.667171&lon=139.756991&bat=4.17
[Wed Sep 05 17:41:51.567 2018] @RSSI:FF7E@NODE:0002@lat:35.668840@lon:139.756160@bat:4.08
[Wed Sep 05 17:42:25.538 2018] @RSSI:FF79@NODE:0002@lat:35.668790@lon:139.756211@bat:4.08
[Wed Sep 05 17:44:30.529 2018] @RSSI:FF77@NODE:0002@lat:35.667483@lon:139.758388@bat:4.07
[Wed Sep 05 17:45:19.534 2018] @RSSI:FF72@NODE:0002@lat:35.666748@lon:139.758885@bat:4.07
[Wed Sep 05 17:46:01.547 2018] @RSSI:FF78@NODE:0001lat=35.669871&lon=139.757793&bat=4.17
[Wed Sep 05 17:47:09.518 2018] @RSSI:FF7A@NODE:0002@lat:35.666233@lon:139.760171@bat:4.07
[Wed Sep 05 17:50:15.544 2018] @RSSI:FF75@NODE:0002@lat:35.669218@lon:139.759886@bat:4.07
[Wed Sep 05 17:50:23.507 2018] @RSSI:FF7E@NODE:0001lat=35.669193&lon=139.759866&bat=4.17
[Wed Sep 05 17:52:05.518 2018] @RSSI:FF78@NODE:0002@lat:35.669471@lon:139.759831@bat:4.07
[Wed Sep 05 17:52:13.517 2018] @RSSI:FF7D@NODE:0001lat=35.669538&lon=139.759745&bat=4.17
[Wed Sep 05 17:54:10.532 2018] @RSSI:FF77@NODE:0002@lat:35.670001@lon:139.760440@bat:4.07
[Wed Sep 05 17:54:18.525 2018] @RSSI:FF79@NODE:0001lat=35.670015&lon=139.760431&bat=4.16
[Wed Sep 05 17:57:54.531 2018] @RSSI:FF72@NODE:0001lat=35.671641&lon=139.762185&bat=4.16
[Wed Sep 05 18:02:46.521 2018] @RSSI:FF74@NODE:0001lat=35.672706&lon=139.763411&bat=4.15
[Wed Sep 05 18:05:06.565 2018] @RSSI:FF72@NODE:0001lat=35.672831&lon=139.763026&bat=4.15
